<?xml version="1.0" encoding="UTF-8"?>
<!-- Generated by org.testng.reporters.JUnitReportReporter -->
<testsuite hostname="mindc1d277" failures="0" tests="9" name="com.md.runner.TestC" time="24.773" errors="0" timestamp="2022-05-21T14:55:00 IST" skipped="0">
  <testcase classname="com.md.runner.TestC" name="test1" time="3.032"/>
  <system-out/>
  <testcase classname="com.md.runner.TestC" name="test2" time="2.751"/>
  <system-out/>
  <testcase classname="com.md.runner.TestC" name="test3" time="2.919"/>
  <system-out/>
  <testcase classname="com.md.runner.TestC" name="test4" time="2.204"/>
  <system-out/>
  <testcase classname="com.md.runner.TestC" name="test5" time="2.477"/>
  <system-out/>
  <testcase classname="com.md.runner.TestC" name="test6" time="3.095"/>
  <system-out/>
  <testcase classname="com.md.runner.TestC" name="test7" time="2.306"/>
  <system-out/>
  <testcase classname="com.md.runner.TestC" name="test8" time="3.991"/>
  <system-out/>
  <testcase classname="com.md.runner.TestC" name="test9" time="1.998"/>
  <system-out/>
</testsuite> <!-- com.md.runner.TestC -->
